e:\learning projects\dsa\learning dsa\learning dsa\debug\vc140.pdb
e:\learning projects\dsa\learning dsa\learning dsa\debug\vc140.idb
e:\learning projects\dsa\learning dsa\learning dsa\debug\articulationpoint.obj
e:\learning projects\dsa\learning dsa\learning dsa\debug\binarytree.obj
e:\learning projects\dsa\learning dsa\learning dsa\debug\disjointset.obj
e:\learning projects\dsa\learning dsa\learning dsa\debug\doublylinkedlist.obj
e:\learning projects\dsa\learning dsa\learning dsa\debug\graph.obj
e:\learning projects\dsa\learning dsa\learning dsa\debug\heap.obj
e:\learning projects\dsa\learning dsa\learning dsa\debug\kruskal.obj
e:\learning projects\dsa\learning dsa\learning dsa\debug\linkedlist.obj
e:\learning projects\dsa\learning dsa\learning dsa\debug\main.obj
e:\learning projects\dsa\learning dsa\learning dsa\debug\maxsubarray.obj
e:\learning projects\dsa\learning dsa\learning dsa\debug\prism.obj
e:\learning projects\dsa\learning dsa\learning dsa\debug\queue.obj
e:\learning projects\dsa\learning dsa\learning dsa\debug\search.obj
e:\learning projects\dsa\learning dsa\learning dsa\debug\sort.obj
e:\learning projects\dsa\learning dsa\learning dsa\debug\stack.obj
e:\learning projects\dsa\learning dsa\learning dsa\debug\stronglyconnected.obj
e:\learning projects\dsa\learning dsa\debug\learning dsa.pdb
e:\learning projects\dsa\learning dsa\learning dsa\debug\learning dsa.tlog\cl.command.1.tlog
e:\learning projects\dsa\learning dsa\learning dsa\debug\learning dsa.tlog\cl.read.1.tlog
e:\learning projects\dsa\learning dsa\learning dsa\debug\learning dsa.tlog\cl.write.1.tlog
e:\learning projects\dsa\learning dsa\learning dsa\debug\learning dsa.tlog\link-cvtres.read.1.tlog
e:\learning projects\dsa\learning dsa\learning dsa\debug\learning dsa.tlog\link-cvtres.write.1.tlog
e:\learning projects\dsa\learning dsa\learning dsa\debug\learning dsa.tlog\link-rc.read.1.tlog
e:\learning projects\dsa\learning dsa\learning dsa\debug\learning dsa.tlog\link-rc.write.1.tlog
e:\learning projects\dsa\learning dsa\learning dsa\debug\learning dsa.tlog\link.command.1.tlog
e:\learning projects\dsa\learning dsa\learning dsa\debug\learning dsa.tlog\link.read.1.tlog
e:\learning projects\dsa\learning dsa\learning dsa\debug\learning dsa.tlog\link.write.1.tlog
